<?xml version="1.0" encoding="UTF-8" ?>
<testsuite tests="4" failures="0" name="de.unibi.cebitec.bibiserv.util.streamvalidate.impl.AlignmentML_ValidatorTest" time="5.751" errors="0" skipped="0">
  <properties>
    <property name="java.runtime.name" value="Java(TM) SE Runtime Environment"/>
    <property name="sun.boot.library.path" value="/vol/java-8/jdk1.8.0_92/jre/lib/amd64"/>
    <property name="java.vm.version" value="25.92-b14"/>
    <property name="java.vm.vendor" value="Oracle Corporation"/>
    <property name="java.vendor.url" value="http://java.oracle.com/"/>
    <property name="path.separator" value=":"/>
    <property name="guice.disable.misplaced.annotation.check" value="true"/>
    <property name="java.vm.name" value="Java HotSpot(TM) 64-Bit Server VM"/>
    <property name="file.encoding.pkg" value="sun.io"/>
    <property name="user.country" value="US"/>
    <property name="sun.java.launcher" value="SUN_STANDARD"/>
    <property name="sun.os.patch.level" value="unknown"/>
    <property name="test" value="de.unibi.cebitec.bibiserv.util.streamvalidate.impl.AlignmentML_ValidatorTest"/>
    <property name="java.vm.specification.name" value="Java Virtual Machine Specification"/>
    <property name="user.dir" value="/homes/jkrueger/NetBeansProjects/bibiserv/libs/streamext/streamValidator"/>
    <property name="java.runtime.version" value="1.8.0_92-b14"/>
    <property name="java.awt.graphicsenv" value="sun.awt.X11GraphicsEnvironment"/>
    <property name="java.endorsed.dirs" value="/vol/java-8/jdk1.8.0_92/jre/lib/endorsed"/>
    <property name="os.arch" value="amd64"/>
    <property name="java.io.tmpdir" value="/tmp"/>
    <property name="line.separator" value="
"/>
    <property name="java.vm.specification.vendor" value="Oracle Corporation"/>
    <property name="os.name" value="Linux"/>
    <property name="maven.ext.class.path" value="/vol/bibi/share/netbeans/8.1/java/maven-nblib/netbeans-eventspy.jar"/>
    <property name="classworlds.conf" value="/vol/bibi/share/netbeans/8.1/java/maven/bin/m2.conf"/>
    <property name="sun.jnu.encoding" value="UTF-8"/>
    <property name="java.library.path" value="/vol/java-8/jre/lib/amd64:/vol/java-8/jre/lib/i386:/opt/thinlinc/lib64:/opt/thinlinc/lib:/usr/java/packages/lib/amd64:/usr/lib64:/lib64:/lib:/usr/lib"/>
    <property name="java.specification.name" value="Java Platform API Specification"/>
    <property name="java.class.version" value="52.0"/>
    <property name="sun.management.compiler" value="HotSpot 64-Bit Tiered Compilers"/>
    <property name="os.version" value="4.4.3-300.fc23.x86_64"/>
    <property name="user.home" value="/homes/jkrueger"/>
    <property name="user.timezone" value="Europe/Berlin"/>
    <property name="java.awt.printerjob" value="sun.print.PSPrinterJob"/>
    <property name="java.specification.version" value="1.8"/>
    <property name="file.encoding" value="UTF-8"/>
    <property name="user.name" value="jkrueger"/>
    <property name="java.class.path" value="/vol/bibi/share/netbeans/8.1/java/maven/boot/plexus-classworlds-2.4.jar"/>
    <property name="java.vm.specification.version" value="1.8"/>
    <property name="sun.arch.data.model" value="64"/>
    <property name="java.home" value="/vol/java-8/jdk1.8.0_92/jre"/>
    <property name="sun.java.command" value="org.codehaus.plexus.classworlds.launcher.Launcher -Dtest=de.unibi.cebitec.bibiserv.util.streamvalidate.impl.AlignmentML_ValidatorTest -Dmaven.ext.class.path=/vol/bibi/share/netbeans/8.1/java/maven-nblib/netbeans-eventspy.jar test-compile surefire:test"/>
    <property name="java.specification.vendor" value="Oracle Corporation"/>
    <property name="user.language" value="en"/>
    <property name="awt.toolkit" value="sun.awt.X11.XToolkit"/>
    <property name="java.vm.info" value="mixed mode"/>
    <property name="java.version" value="1.8.0_92"/>
    <property name="java.ext.dirs" value="/vol/java-8/jdk1.8.0_92/jre/lib/ext:/usr/java/packages/lib/ext"/>
    <property name="securerandom.source" value="file:/dev/./urandom"/>
    <property name="sun.boot.class.path" value="/vol/java-8/jdk1.8.0_92/jre/lib/resources.jar:/vol/java-8/jdk1.8.0_92/jre/lib/rt.jar:/vol/java-8/jdk1.8.0_92/jre/lib/sunrsasign.jar:/vol/java-8/jdk1.8.0_92/jre/lib/jsse.jar:/vol/java-8/jdk1.8.0_92/jre/lib/jce.jar:/vol/java-8/jdk1.8.0_92/jre/lib/charsets.jar:/vol/java-8/jdk1.8.0_92/jre/lib/jfr.jar:/vol/java-8/jdk1.8.0_92/jre/classes"/>
    <property name="java.vendor" value="Oracle Corporation"/>
    <property name="maven.home" value="/vol/bibi/share/netbeans/8.1/java/maven"/>
    <property name="file.separator" value="/"/>
    <property name="java.vendor.url.bug" value="http://bugreport.sun.com/bugreport/"/>
    <property name="sun.cpu.endian" value="little"/>
    <property name="sun.io.unicode.encoding" value="UnicodeLittle"/>
    <property name="sun.cpu.isalist" value=""/>
  </properties>
  <testcase classname="de.unibi.cebitec.bibiserv.util.streamvalidate.impl.AlignmentML_ValidatorTest" name="test_AminoAcid_Large" time="5.569"/>
  <testcase classname="de.unibi.cebitec.bibiserv.util.streamvalidate.impl.AlignmentML_ValidatorTest" name="test_DNA" time="0.013"/>
  <testcase classname="de.unibi.cebitec.bibiserv.util.streamvalidate.impl.AlignmentML_ValidatorTest" name="test_RNA" time="0.01"/>
  <testcase classname="de.unibi.cebitec.bibiserv.util.streamvalidate.impl.AlignmentML_ValidatorTest" name="test_AminoAcid" time="0.032"/>
</testsuite>